# JRE version: Java(TM) SE Runtime Environment (17.0.3.1+2) (build 17.0.3.1+2-LTS-6)
# Java VM: Java HotSpot(TM) 64-Bit Server VM (17.0.3.1+2-LTS-6, mixed mode, sharing, tiered, compressed oops, compressed class ptrs, g1 gc, windows-amd64)
GC Precious Log:
 CPUs: 4 total, 4 available
 Memory: 3877M
 Large Page Support: Disabled
 NUMA Support: Disabled
 Compressed Oops: Enabled (32-bit)
 Heap Region Size: 1M
 Heap Min Capacity: 8M
 Heap Initial Capacity: 62M
 Heap Max Capacity: 970M
 Pre-touch: Disabled
 Parallel Workers: 4
 Concurrent Workers: 1
 Concurrent Refinement Workers: 4
 Periodic GC: Disabled
Heap:
 garbage-first heap   total 78848K, used 56553K [0x00000000c3600000, 0x0000000100000000)
  region size 1024K, 31 young (31744K), 2 survivors (2048K)
 Metaspace       used 61291K, committed 61824K, reserved 1105920K
  class space    used 8427K, committed 8704K, reserved 1048576K
GC Heap History (20 events):
Event: 9.193 GC heap before
{Heap before GC invocations=8 (full 0):
 garbage-first heap   total 55296K, used 38891K [0x00000000c3600000, 0x0000000100000000)
  region size 1024K, 22 young (22528K), 1 survivors (1024K)
 Metaspace       used 30801K, committed 31232K, reserved 1081344K
  class space    used 3955K, committed 4160K, reserved 1048576K
}
Event: 9.199 GC heap after
{Heap after GC invocations=9 (full 0):
 garbage-first heap   total 55296K, used 18169K [0x00000000c3600000, 0x0000000100000000)
  region size 1024K, 2 young (2048K), 2 survivors (2048K)
 Metaspace       used 30801K, committed 31232K, reserved 1081344K
  class space    used 3955K, committed 4160K, reserved 1048576K
}
Event: 10.326 GC heap before
{Heap before GC invocations=9 (full 0):
 garbage-first heap   total 55296K, used 35577K [0x00000000c3600000, 0x0000000100000000)
  region size 1024K, 20 young (20480K), 2 survivors (2048K)
 Metaspace       used 35614K, committed 35968K, reserved 1081344K
  class space    used 4718K, committed 4864K, reserved 1048576K
}
Event: 10.331 GC heap after
{Heap after GC invocations=10 (full 0):
 garbage-first heap   total 55296K, used 18955K [0x00000000c3600000, 0x0000000100000000)
  region size 1024K, 3 young (3072K), 3 survivors (3072K)
 Metaspace       used 35614K, committed 35968K, reserved 1081344K
  class space    used 4718K, committed 4864K, reserved 1048576K
}
Event: 11.576 GC heap before
{Heap before GC invocations=11 (full 0):
 garbage-first heap   total 55296K, used 39435K [0x00000000c3600000, 0x0000000100000000)
  region size 1024K, 24 young (24576K), 3 survivors (3072K)
 Metaspace       used 40914K, committed 41408K, reserved 1089536K
  class space    used 5414K, committed 5632K, reserved 1048576K
}
Event: 11.585 GC heap after
{Heap after GC invocations=12 (full 0):
 garbage-first heap   total 55296K, used 20495K [0x00000000c3600000, 0x0000000100000000)
  region size 1024K, 3 young (3072K), 3 survivors (3072K)
 Metaspace       used 40914K, committed 41408K, reserved 1089536K
  class space    used 5414K, committed 5632K, reserved 1048576K
}
Event: 11.634 GC heap before
{Heap before GC invocations=12 (full 0):
 garbage-first heap   total 55296K, used 21519K [0x00000000c3600000, 0x0000000100000000)
  region size 1024K, 4 young (4096K), 3 survivors (3072K)
 Metaspace       used 41140K, committed 41664K, reserved 1089536K
  class space    used 5443K, committed 5696K, reserved 1048576K
}
Event: 11.639 GC heap after
{Heap after GC invocations=13 (full 0):
 garbage-first heap   total 55296K, used 20427K [0x00000000c3600000, 0x0000000100000000)
  region size 1024K, 1 young (1024K), 1 survivors (1024K)
 Metaspace       used 41140K, committed 41664K, reserved 1089536K
  class space    used 5443K, committed 5696K, reserved 1048576K
}
Event: 12.581 GC heap before
{Heap before GC invocations=13 (full 0):
 garbage-first heap   total 55296K, used 40907K [0x00000000c3600000, 0x0000000100000000)
  region size 1024K, 22 young (22528K), 1 survivors (1024K)
 Metaspace       used 47382K, committed 47808K, reserved 1097728K
  class space    used 6432K, committed 6656K, reserved 1048576K
}
Event: 12.586 GC heap after
{Heap after GC invocations=14 (full 0):
 garbage-first heap   total 55296K, used 21248K [0x00000000c3600000, 0x0000000100000000)
  region size 1024K, 2 young (2048K), 2 survivors (2048K)
 Metaspace       used 47382K, committed 47808K, reserved 1097728K
  class space    used 6432K, committed 6656K, reserved 1048576K
}
Event: 13.277 GC heap before
{Heap before GC invocations=15 (full 0):
 garbage-first heap   total 55296K, used 41728K [0x00000000c3600000, 0x0000000100000000)
  region size 1024K, 22 young (22528K), 2 survivors (2048K)
 Metaspace       used 52070K, committed 52608K, reserved 1097728K
  class space    used 7205K, committed 7488K, reserved 1048576K
}
Event: 13.285 GC heap after
{Heap after GC invocations=16 (full 0):
 garbage-first heap   total 55296K, used 22042K [0x00000000c3600000, 0x0000000100000000)
  region size 1024K, 2 young (2048K), 2 survivors (2048K)
 Metaspace       used 52070K, committed 52608K, reserved 1097728K
  class space    used 7205K, committed 7488K, reserved 1048576K
}
Event: 14.140 GC heap before
{Heap before GC invocations=16 (full 0):
 garbage-first heap   total 55296K, used 43546K [0x00000000c3600000, 0x0000000100000000)
  region size 1024K, 23 young (23552K), 2 survivors (2048K)
 Metaspace       used 54828K, committed 55360K, reserved 1097728K
  class space    used 7556K, committed 7808K, reserved 1048576K
}
Event: 14.148 GC heap after
{Heap after GC invocations=17 (full 0):
 garbage-first heap   total 55296K, used 23367K [0x00000000c3600000, 0x0000000100000000)
  region size 1024K, 3 young (3072K), 3 survivors (3072K)
 Metaspace       used 54828K, committed 55360K, reserved 1097728K
  class space    used 7556K, committed 7808K, reserved 1048576K
}
Event: 15.014 GC heap before
{Heap before GC invocations=17 (full 0):
 garbage-first heap   total 55296K, used 42823K [0x00000000c3600000, 0x0000000100000000)
  region size 1024K, 22 young (22528K), 3 survivors (3072K)
 Metaspace       used 56763K, committed 57280K, reserved 1105920K
  class space    used 7837K, committed 8064K, reserved 1048576K
}
Event: 15.021 GC heap after
{Heap after GC invocations=18 (full 0):
 garbage-first heap   total 55296K, used 24568K [0x00000000c3600000, 0x0000000100000000)
  region size 1024K, 3 young (3072K), 3 survivors (3072K)
 Metaspace       used 56763K, committed 57280K, reserved 1105920K
  class space    used 7837K, committed 8064K, reserved 1048576K
}
Event: 15.905 GC heap before
{Heap before GC invocations=18 (full 0):
 garbage-first heap   total 55296K, used 44024K [0x00000000c3600000, 0x0000000100000000)
  region size 1024K, 22 young (22528K), 3 survivors (3072K)
 Metaspace       used 58696K, committed 59200K, reserved 1105920K
  class space    used 8104K, committed 8320K, reserved 1048576K
}
Event: 15.916 GC heap after
{Heap after GC invocations=19 (full 0):
 garbage-first heap   total 55296K, used 26122K [0x00000000c3600000, 0x0000000100000000)
  region size 1024K, 3 young (3072K), 3 survivors (3072K)
 Metaspace       used 58696K, committed 59200K, reserved 1105920K
  class space    used 8104K, committed 8320K, reserved 1048576K
}
Event: 16.762 GC heap before
{Heap before GC invocations=19 (full 0):
 garbage-first heap   total 55296K, used 44554K [0x00000000c3600000, 0x0000000100000000)
  region size 1024K, 21 young (21504K), 3 survivors (3072K)
 Metaspace       used 60204K, committed 60736K, reserved 1105920K
  class space    used 8328K, committed 8576K, reserved 1048576K
}
Event: 16.769 GC heap after
{Heap after GC invocations=20 (full 0):
 garbage-first heap   total 78848K, used 27881K [0x00000000c3600000, 0x0000000100000000)
  region size 1024K, 2 young (2048K), 2 survivors (2048K)
 Metaspace       used 60204K, committed 60736K, reserved 1105920K
  class space    used 8328K, committed 8576K, reserved 1048576K
}

